2025-07-24 07:52:12,995 - WARNING - Entry count and pet profile count mis-match. Total entries was: 5, while number of pets is: 4! - validate_pet_entries
2025-07-24 07:53:44,597 - INFO - pets.json file integrity validated, no correction required. - validate_pet_entries
2025-07-24 08:54:20,826 - ERROR - Unable to open pets_test.json: 'int' object has no attribute 'name' - search_pets
2025-07-24 08:59:00,719 - ERROR - Unable to open pets_test.json: 'int' object has no attribute 'name' - search_pets
2025-07-24 09:00:54,740 - ERROR - Unable to open pets_test.json: 'int' object has no attribute 'name' - search_pets
2025-07-24 09:02:28,478 - ERROR - Unable to open pets_test.json: 'int' object has no attribute 'name' - search_pets
2025-07-24 09:04:55,092 - ERROR - Unable to open pets_test.json: 'int' object has no attribute 'name' - search_pets
2025-07-24 09:07:06,478 - ERROR - Unable to open pets_test.json: 'int' object has no attribute 'name' - search_pets
2025-07-24 09:08:30,997 - ERROR - Unable to open pets_test.json: 'int' object has no attribute 'name' - search_pets
2025-07-24 09:12:06,457 - ERROR - Unable to open pets_test.json: 'dict' object has no attribute 'name' - search_pets
2025-07-24 09:14:25,648 - ERROR - Unable to open pets_test.json: 'dict' object has no attribute 'name' - search_pets
2025-07-24 09:26:40,222 - ERROR - Unable to open pets_test.json: 'int' object is not subscriptable - search_pets
2025-07-24 09:29:39,200 - ERROR - Unable to open pets_test.json: 'int' object is not subscriptable - search_pets
2025-07-30 07:19:27,780 - INFO - pets.json file integrity validated, no correction required. - validate_pet_entries
2025-07-30 11:18:51,389 - ERROR - Unable to open pets_test.json: 'PT_12' - get_pet_profile_by_id
2025-07-30 11:23:10,265 - ERROR - Unable to open pets_test.json: 'PT_12' - get_pet_profile_by_id
2025-07-30 11:24:03,351 - ERROR - Unable to open pets_test.json: 'PT_12' - get_pet_profile_by_id
2025-07-30 11:52:02,742 - ERROR - Unable to open pets_test.json: not readable - edit_pet_profile_by_id
2025-08-01 06:56:01,453 - ERROR - Unable to open data/blog.json: [Errno 2] No such file or directory: 'data/blog.json' - get_pet_profile_by_id
2025-08-01 06:58:53,827 - ERROR - Unable to open data/blog.json: [Errno 2] No such file or directory: 'data/blog.json' - get_pet_profile_by_id
2025-08-04 15:10:17,812 - ERROR - Unable to open data/pets.json: [Errno 2] No such file or directory: 'data/pets.json' - search_pets
2025-08-04 15:11:29,565 - ERROR - Unable to open data/pets.json: [Errno 2] No such file or directory: 'data/pets.json' - search_pets
2025-08-04 15:17:37,720 - ERROR - File path to pets data does not exist. Unable to delete Pet ID: PT_2 - delete_pet_profile_by_id
2025-08-04 15:20:41,145 - ERROR - File path to pets data does not exist. Unable to delete Pet ID: PT_1 - delete_pet_profile_by_id
2025-08-04 15:21:03,215 - ERROR - File path to pets data does not exist. Unable to delete Pet ID: PT_2 - delete_pet_profile_by_id
2025-08-04 15:23:41,145 - ERROR - Unable to open data/pets.json: [Errno 2] No such file or directory: 'data/pets.json' - display_pet_profile_by_id
2025-08-04 15:36:57,837 - INFO - pets.json file integrity validated, no correction required. - validate_pet_entries
